[POST] https://ocypheris.com/cdn-cgi/rum? => [FAILED] net::ERR_ABORTED
[POST] https://ocypheris.com/cdn-cgi/rum? => [FAILED] net::ERR_ABORTED
[GET] https://api.ocypheris.com/api/auth/me => [200] 
[GET] https://ocypheris.com/onboarding?_rsc=1xo97 => [200] 
[GET] https://ocypheris.com/support-files?_rsc=1xo97 => [200] 
[GET] https://ocypheris.com/exports?_rsc=1xo97 => [200] 
[GET] https://ocypheris.com/top-risks?_rsc=1xo97 => [200] 
[POST] https://ocypheris.com/cdn-cgi/rum? => [204] 
[GET] https://ocypheris.com/settings?_rsc=1xo97 => [200] 
[POST] https://api.ocypheris.com/api/auth/refresh => [200] 
[GET] https://api.ocypheris.com/api/aws/accounts => [200] 
[GET] https://api.ocypheris.com/api/notifications?limit=50 => [200] 
[GET] https://ocypheris.com/audit-log?_rsc=1xo97 => [200] 
[GET] https://ocypheris.com/accounts?_rsc=1xo97 => [200] 
[GET] https://ocypheris.com/findings?_rsc=1xo97 => [200] 
[GET] https://ocypheris.com/onboarding?_rsc=1qlly => [200] 
[GET] https://ocypheris.com/onboarding?_rsc=pfb25 => [200] 
[GET] https://ocypheris.com/audit-log?_rsc=1qlly => [200] 
[GET] https://ocypheris.com/audit-log?_rsc=6n7wy => [200] 
[GET] https://ocypheris.com/audit-log?_rsc=1kcls => [200] 
[GET] https://ocypheris.com/onboarding?_rsc=1pujq => [200] 
[GET] https://ocypheris.com/onboarding?_rsc=1f3xl => [200] 
[GET] https://ocypheris.com/support-files?_rsc=1qlly => [200] 
[GET] https://ocypheris.com/support-files?_rsc=lk4rt => [200] 
[GET] https://ocypheris.com/support-files?_rsc=1wghp => [200] 
[GET] https://ocypheris.com/exports?_rsc=1qlly => [200] 
[GET] https://ocypheris.com/exports?_rsc=112l1 => [200] 
[GET] https://ocypheris.com/exports?_rsc=vmy49 => [200] 
[GET] https://ocypheris.com/top-risks?_rsc=1qlly => [200] 
[GET] https://ocypheris.com/top-risks?_rsc=1jtra => [200] 
[GET] https://ocypheris.com/top-risks?_rsc=16y9i => [200] 
[GET] https://ocypheris.com/settings?_rsc=1qlly => [200] 
[GET] https://ocypheris.com/settings?_rsc=ryawu => [200] 
[GET] https://ocypheris.com/settings?_rsc=1c1on => [200] 
[GET] https://ocypheris.com/accounts?_rsc=1qlly => [200] 
[GET] https://ocypheris.com/accounts?_rsc=13rhh => [200] 
[GET] https://ocypheris.com/accounts?_rsc=185gs => [200] 
[GET] https://ocypheris.com/findings?_rsc=1qlly => [200] 
[GET] https://ocypheris.com/findings?_rsc=287nq => [200] 
[GET] https://ocypheris.com/findings?_rsc=vehn7 => [200] 
[GET] https://api.ocypheris.com/api/notifications?limit=50 => [200] 
[POST] https://api.ocypheris.com/api/aws/accounts/696505809372/ingest => [202] 
[GET] https://api.ocypheris.com/api/aws/accounts/696505809372/ingest-progress?started_after=2026-03-20T23%3A41%3A53.596Z&source=security_hub => [200] 
[GET] https://api.ocypheris.com/api/aws/accounts => [200] 
[PUT] https://api.ocypheris.com/api/notifications/jobs/1774050113599-y2dqyn => [200] 
[GET] https://api.ocypheris.com/api/notifications?limit=50 => [200] 
[GET] https://api.ocypheris.com/api/aws/accounts/696505809372/ingest-progress?started_after=2026-03-20T23%3A41%3A53.596Z&source=security_hub => [200] 
[PUT] https://api.ocypheris.com/api/notifications/jobs/1774050113599-y2dqyn => [500] 
[GET] https://api.ocypheris.com/api/notifications?limit=50 => [200] 
[GET] https://api.ocypheris.com/api/aws/accounts/696505809372/ingest-progress?started_after=2026-03-20T23%3A41%3A53.596Z&source=security_hub => [200] 
[PUT] https://api.ocypheris.com/api/notifications/jobs/1774050113599-y2dqyn => [500] 
[GET] https://api.ocypheris.com/api/aws/accounts/696505809372/ingest-progress?started_after=2026-03-20T23%3A41%3A53.596Z&source=security_hub => [200] 
[PUT] https://api.ocypheris.com/api/notifications/jobs/1774050113599-y2dqyn => [500] 
[GET] https://api.ocypheris.com/api/aws/accounts/696505809372/ingest-progress?started_after=2026-03-20T23%3A41%3A53.596Z&source=security_hub => [200] 
[PUT] https://api.ocypheris.com/api/notifications/jobs/1774050113599-y2dqyn => [500] 
[GET] https://api.ocypheris.com/api/aws/accounts/696505809372/ingest-progress?started_after=2026-03-20T23%3A41%3A53.596Z&source=security_hub => [200] 
[PUT] https://api.ocypheris.com/api/notifications/jobs/1774050113599-y2dqyn => [500] 
[GET] https://api.ocypheris.com/api/aws/accounts/696505809372/ingest-progress?started_after=2026-03-20T23%3A41%3A53.596Z&source=security_hub => [200] 
[PUT] https://api.ocypheris.com/api/notifications/jobs/1774050113599-y2dqyn => [500] 
[PUT] https://api.ocypheris.com/api/notifications/jobs/1774050113599-y2dqyn => [200] 
[GET] https://api.ocypheris.com/api/notifications?limit=50 => [200] 
[PATCH] https://api.ocypheris.com/api/notifications/state => [200] 
[PATCH] https://api.ocypheris.com/api/notifications/state